                              1 ;--------------------------------------------------------
                              2 ; File Created by SDCC : free open source ANSI-C Compiler
                              3 ; Version 3.5.0 #9253 (Sep 26 2015) (Linux)
                              4 ; This file was generated Mon Oct  5 20:23:30 2015
                              5 ;--------------------------------------------------------
                              6 	.module sprites
                              7 	.optsdcc -mz80
                              8 	
                              9 ;--------------------------------------------------------
                             10 ; Public variables in this module
                             11 ;--------------------------------------------------------
                             12 	.globl _g_character
                             13 	.globl _g_palette
                             14 ;--------------------------------------------------------
                             15 ; special function registers
                             16 ;--------------------------------------------------------
                             17 ;--------------------------------------------------------
                             18 ; ram data
                             19 ;--------------------------------------------------------
                             20 	.area _DATA
                             21 ;--------------------------------------------------------
                             22 ; ram data
                             23 ;--------------------------------------------------------
                             24 	.area _INITIALIZED
                             25 ;--------------------------------------------------------
                             26 ; absolute external ram data
                             27 ;--------------------------------------------------------
                             28 	.area _DABS (ABS)
                             29 ;--------------------------------------------------------
                             30 ; global & static initialisations
                             31 ;--------------------------------------------------------
                             32 	.area _HOME
                             33 	.area _GSINIT
                             34 	.area _GSFINAL
                             35 	.area _GSINIT
                             36 ;--------------------------------------------------------
                             37 ; Home
                             38 ;--------------------------------------------------------
                             39 	.area _HOME
                             40 	.area _HOME
                             41 ;--------------------------------------------------------
                             42 ; code
                             43 ;--------------------------------------------------------
                             44 	.area _CODE
                             45 	.area _CODE
   0000                      46 _g_palette:
   0000 1A                   47 	.db #0x1A	; 26
   0001 18                   48 	.db #0x18	; 24
   0002 0F                   49 	.db #0x0F	; 15
   0003 03                   50 	.db #0x03	; 3
   0004                      51 _g_character:
   0004 FF                   52 	.db #0xFF	; 255
   0005 00                   53 	.db #0x00	; 0
   0006 77                   54 	.db #0x77	; 119	'w'
   0007 88                   55 	.db #0x88	; 136
   0008 FF                   56 	.db #0xFF	; 255
   0009 00                   57 	.db #0x00	; 0
   000A FF                   58 	.db #0xFF	; 255
   000B 00                   59 	.db #0x00	; 0
   000C CC                   60 	.db #0xCC	; 204
   000D 33                   61 	.db #0x33	; 51	'3'
   000E 00                   62 	.db #0x00	; 0
   000F F7                   63 	.db #0xF7	; 247
   0010 00                   64 	.db #0x00	; 0
   0011 FF                   65 	.db #0xFF	; 255
   0012 33                   66 	.db #0x33	; 51	'3'
   0013 CC                   67 	.db #0xCC	; 204
   0014 88                   68 	.db #0x88	; 136
   0015 47                   69 	.db #0x47	; 71	'G'
   0016 00                   70 	.db #0x00	; 0
   0017 87                   71 	.db #0x87	; 135
   0018 00                   72 	.db #0x00	; 0
   0019 0F                   73 	.db #0x0F	; 15
   001A 11                   74 	.db #0x11	; 17
   001B 2E                   75 	.db #0x2E	; 46
   001C 88                   76 	.db #0x88	; 136
   001D 47                   77 	.db #0x47	; 71	'G'
   001E 00                   78 	.db #0x00	; 0
   001F 97                   79 	.db #0x97	; 151
   0020 00                   80 	.db #0x00	; 0
   0021 8F                   81 	.db #0x8F	; 143
   0022 11                   82 	.db #0x11	; 17
   0023 EE                   83 	.db #0xEE	; 238
   0024 88                   84 	.db #0x88	; 136
   0025 56                   85 	.db #0x56	; 86	'V'
   0026 00                   86 	.db #0x00	; 0
   0027 97                   87 	.db #0x97	; 151
   0028 00                   88 	.db #0x00	; 0
   0029 87                   89 	.db #0x87	; 135
   002A 11                   90 	.db #0x11	; 17
   002B EA                   91 	.db #0xEA	; 234
   002C 88                   92 	.db #0x88	; 136
   002D 56                   93 	.db #0x56	; 86	'V'
   002E 00                   94 	.db #0x00	; 0
   002F 97                   95 	.db #0x97	; 151
   0030 00                   96 	.db #0x00	; 0
   0031 87                   97 	.db #0x87	; 135
   0032 11                   98 	.db #0x11	; 17
   0033 EA                   99 	.db #0xEA	; 234
   0034 88                  100 	.db #0x88	; 136
   0035 47                  101 	.db #0x47	; 71	'G'
   0036 00                  102 	.db #0x00	; 0
   0037 1F                  103 	.db #0x1F	; 31
   0038 00                  104 	.db #0x00	; 0
   0039 87                  105 	.db #0x87	; 135
   003A 11                  106 	.db #0x11	; 17
   003B EA                  107 	.db #0xEA	; 234
   003C 88                  108 	.db #0x88	; 136
   003D 47                  109 	.db #0x47	; 71	'G'
   003E 00                  110 	.db #0x00	; 0
   003F 1F                  111 	.db #0x1F	; 31
   0040 00                  112 	.db #0x00	; 0
   0041 8F                  113 	.db #0x8F	; 143
   0042 11                  114 	.db #0x11	; 17
   0043 EE                  115 	.db #0xEE	; 238
   0044 88                  116 	.db #0x88	; 136
   0045 47                  117 	.db #0x47	; 71	'G'
   0046 00                  118 	.db #0x00	; 0
   0047 0F                  119 	.db #0x0F	; 15
   0048 00                  120 	.db #0x00	; 0
   0049 78                  121 	.db #0x78	; 120	'x'
   004A 11                  122 	.db #0x11	; 17
   004B 2E                  123 	.db #0x2E	; 46
   004C CC                  124 	.db #0xCC	; 204
   004D 33                  125 	.db #0x33	; 51	'3'
   004E 00                  126 	.db #0x00	; 0
   004F FF                  127 	.db #0xFF	; 255
   0050 00                  128 	.db #0x00	; 0
   0051 FF                  129 	.db #0xFF	; 255
   0052 33                  130 	.db #0x33	; 51	'3'
   0053 CC                  131 	.db #0xCC	; 204
   0054 EE                  132 	.db #0xEE	; 238
   0055 11                  133 	.db #0x11	; 17
   0056 00                  134 	.db #0x00	; 0
   0057 E7                  135 	.db #0xE7	; 231
   0058 00                  136 	.db #0x00	; 0
   0059 3D                  137 	.db #0x3D	; 61
   005A FF                  138 	.db #0xFF	; 255
   005B 00                  139 	.db #0x00	; 0
   005C EE                  140 	.db #0xEE	; 238
   005D 11                  141 	.db #0x11	; 17
   005E 00                  142 	.db #0x00	; 0
   005F E7                  143 	.db #0xE7	; 231
   0060 00                  144 	.db #0x00	; 0
   0061 3D                  145 	.db #0x3D	; 61
   0062 00                  146 	.db #0x00	; 0
   0063 FF                  147 	.db #0xFF	; 255
   0064 EE                  148 	.db #0xEE	; 238
   0065 11                  149 	.db #0x11	; 17
   0066 00                  150 	.db #0x00	; 0
   0067 F7                  151 	.db #0xF7	; 247
   0068 00                  152 	.db #0x00	; 0
   0069 1F                  153 	.db #0x1F	; 31
   006A 33                  154 	.db #0x33	; 51	'3'
   006B CC                  155 	.db #0xCC	; 204
   006C EE                  156 	.db #0xEE	; 238
   006D 11                  157 	.db #0x11	; 17
   006E 00                  158 	.db #0x00	; 0
   006F 6F                  159 	.db #0x6F	; 111	'o'
   0070 00                  160 	.db #0x00	; 0
   0071 1F                  161 	.db #0x1F	; 31
   0072 FF                  162 	.db #0xFF	; 255
   0073 00                  163 	.db #0x00	; 0
   0074 EE                  164 	.db #0xEE	; 238
   0075 11                  165 	.db #0x11	; 17
   0076 00                  166 	.db #0x00	; 0
   0077 87                  167 	.db #0x87	; 135
   0078 00                  168 	.db #0x00	; 0
   0079 0F                  169 	.db #0x0F	; 15
   007A 77                  170 	.db #0x77	; 119	'w'
   007B 88                  171 	.db #0x88	; 136
   007C EE                  172 	.db #0xEE	; 238
   007D 11                  173 	.db #0x11	; 17
   007E 00                  174 	.db #0x00	; 0
   007F 1F                  175 	.db #0x1F	; 31
   0080 00                  176 	.db #0x00	; 0
   0081 CF                  177 	.db #0xCF	; 207
   0082 77                  178 	.db #0x77	; 119	'w'
   0083 88                  179 	.db #0x88	; 136
                            180 	.area _INITIALIZER
                            181 	.area _CABS (ABS)
