                              1 ;--------------------------------------------------------
                              2 ; File Created by SDCC : free open source ANSI-C Compiler
                              3 ; Version 3.5.4 #9329 (Linux)
                              4 ; This file was generated Tue Oct  6 16:23:23 2015
                              5 ;--------------------------------------------------------
                              6 	.module entities
                              7 	.optsdcc -mz80
                              8 	
                              9 ;--------------------------------------------------------
                             10 ; Public variables in this module
                             11 ;--------------------------------------------------------
                             12 	.globl _character
                             13 	.globl _getPlayer
                             14 ;--------------------------------------------------------
                             15 ; special function registers
                             16 ;--------------------------------------------------------
                             17 ;--------------------------------------------------------
                             18 ; ram data
                             19 ;--------------------------------------------------------
                             20 	.area _DATA
                             21 ;--------------------------------------------------------
                             22 ; ram data
                             23 ;--------------------------------------------------------
                             24 	.area _INITIALIZED
                             25 ;--------------------------------------------------------
                             26 ; absolute external ram data
                             27 ;--------------------------------------------------------
                             28 	.area _DABS (ABS)
                             29 ;--------------------------------------------------------
                             30 ; global & static initialisations
                             31 ;--------------------------------------------------------
                             32 	.area _HOME
                             33 	.area _GSINIT
                             34 	.area _GSFINAL
                             35 	.area _GSINIT
                             36 ;--------------------------------------------------------
                             37 ; Home
                             38 ;--------------------------------------------------------
                             39 	.area _HOME
                             40 	.area _HOME
                             41 ;--------------------------------------------------------
                             42 ; code
                             43 ;--------------------------------------------------------
                             44 	.area _CODE
                             45 ;src/entities/entities.c:35: TCharacter *getPlayer()
                             46 ;	---------------------------------
                             47 ; Function getPlayer
                             48 ; ---------------------------------
   0000                      49 _getPlayer::
                             50 ;src/entities/entities.c:37: return &character;
   0000 21r04r00      [10]   51 	ld	hl,#_character
   0003 C9            [10]   52 	ret
   0004                      53 _character:
   0004 00 C0                54 	.dw #0xC000
   0006r00r00                55 	.dw _g_character
   0008 00                   56 	.db #0x00	; 0
   0009 00                   57 	.db #0x00	; 0
   000A 04                   58 	.db #0x04	; 4
   000B 10                   59 	.db #0x10	; 16
   000C 00 C0                60 	.dw #0xC000
   000E 01                   61 	.db #0x01	; 1
   000F 01                   62 	.db #0x01	; 1
   0010 00                   63 	.db #0x00	;  0
   0011 00                   64 	.db #0x00	;  0
   0012 00                   65 	.db #0x00	; 0
   0013 00                   66 	.db #0x00	; 0
   0014 01                   67 	.db #0x01	; 1
   0015 03                   68 	.db #0x03	; 3
                             69 	.area _CODE
                             70 	.area _INITIALIZER
                             71 	.area _CABS (ABS)
